[2026-02-22 18:06:29,072] INFO - ========== APPLICATION STARTED ==========
[2026-02-22 18:06:29,072] INFO - Processed dataset already exists. Skipping preprocessing.
[2026-02-22 18:06:29,072] INFO - Loading existing base model...
[2026-02-22 18:06:30,209] INFO - Starting training pipeline...
[2026-02-22 18:06:30,209] INFO - ===== TRAINING STARTED =====
[2026-02-22 18:06:30,312] INFO - Datasets ready
[2026-02-22 18:06:30,338] INFO - Class weights: {0: np.float64(0.8388945062352544), 1: np.float64(0.6129032258064516), 2: np.float64(2.2586206896551726), 3: np.float64(1.3630887185104053)}
[2026-02-22 18:06:30,338] INFO - Loading existing base model...
[2026-02-22 18:06:30,965] INFO - Model ready
[2026-02-22 18:06:30,972] INFO - Model: "sequential"
┏━━━━━━━━━━━━━━━━━━━━━━━━━━━━━━━━━━━━━━┳━━━━━━━━━━━━━━━━━━━━━━━━━━━━━┳━━━━━━━━━━━━━━━━━┓
┃ Layer (type)                         ┃ Output Shape                ┃         Param # ┃
┡━━━━━━━━━━━━━━━━━━━━━━━━━━━━━━━━━━━━━━╇━━━━━━━━━━━━━━━━━━━━━━━━━━━━━╇━━━━━━━━━━━━━━━━━┩
│ efficientnetb0 (Functional)          │ (None, 7, 7, 1280)          │       4,049,571 │
├──────────────────────────────────────┼─────────────────────────────┼─────────────────┤
│ global_average_pooling2d             │ (None, 1280)                │               0 │
│ (GlobalAveragePooling2D)             │                             │                 │
├──────────────────────────────────────┼─────────────────────────────┼─────────────────┤
│ dense (Dense)                        │ (None, 128)                 │         163,968 │
├──────────────────────────────────────┼─────────────────────────────┼─────────────────┤
│ dropout (Dropout)                    │ (None, 128)                 │               0 │
├──────────────────────────────────────┼─────────────────────────────┼─────────────────┤
│ dense_1 (Dense)                      │ (None, 4)                   │             516 │
└──────────────────────────────────────┴─────────────────────────────┴─────────────────┘
 Total params: 4,214,055 (16.08 MB)
 Trainable params: 164,484 (642.52 KB)
 Non-trainable params: 4,049,571 (15.45 MB)

[2026-02-22 18:06:30,977] INFO - Phase 1: Training with frozen base...
